
zec----->0.00---->zec: 0.00(szzc) - 0.00(yunbi) = 0.00
eth----->0.00---->eth: 0.00(szzc) - 0.00(yunbi) = 0.00
etc----->0.00---->etc: 0.00(szzc) - 0.00(yunbi) = 0.00

zec----->0.00---->zec: 0.00(szzc) - 0.00(yunbi) = 0.00
eth----->0.00---->eth: 0.00(szzc) - 0.00(yunbi) = 0.00
etc----->0.00---->etc: 0.00(szzc) - 0.00(yunbi) = 0.00

zec----->0.00---->zec: 0.00(szzc) - 0.00(yunbi) = 0.00
eth----->0.00---->eth: 0.00(szzc) - 0.00(yunbi) = 0.00
etc----->0.00---->etc: 0.00(szzc) - 0.00(yunbi) = 0.00

zec----->0.00---->zec: 0.00(szzc) - 0.00(yunbi) = 0.00
eth----->0.00---->eth: 0.00(szzc) - 0.00(yunbi) = 0.00
etc----->0.00---->etc: 0.00(szzc) - 0.00(yunbi) = 0.00

zec----->0.00---->zec: 0.00(szzc) - 0.00(yunbi) = 0.00
eth----->0.00---->eth: 0.00(szzc) - 0.00(yunbi) = 0.00
etc----->0.00---->etc: 0.00(szzc) - 0.00(yunbi) = 0.00

zec----->0.00---->zec: 0.00(szzc) - 0.00(yunbi) = 0.00
eth----->0.00---->eth: 0.00(szzc) - 0.00(yunbi) = 0.00
etc----->0.00---->etc: 0.00(szzc) - 0.00(yunbi) = 0.00

zec----->0.00---->zec: 0.00(szzc) - 0.00(yunbi) = 0.00
eth----->0.00---->eth: 0.00(szzc) - 0.00(yunbi) = 0.00
etc----->0.00---->etc: 0.00(szzc) - 0.00(yunbi) = 0.00

zec----->0.00---->zec: 0.00(szzc) - 0.00(yunbi) = 0.00
eth----->0.00---->eth: 0.00(szzc) - 0.00(yunbi) = 0.00
etc----->0.00---->etc: 0.00(szzc) - 0.00(yunbi) = 0.00

zec----->0.00---->zec: 0.00(szzc) - 0.00(yunbi) = 0.00
eth----->0.00---->eth: 0.00(szzc) - 0.00(yunbi) = 0.00
etc----->0.00---->etc: 0.00(szzc) - 0.00(yunbi) = 0.00

zec----->0.00---->zec: 0.00(szzc) - 0.00(yunbi) = 0.00
eth----->0.00---->eth: 0.00(szzc) - 0.00(yunbi) = 0.00
etc----->0.00---->etc: 0.00(szzc) - 0.00(yunbi) = 0.00

zec----->0.00---->zec: 0.00(szzc) - 0.00(yunbi) = 0.00
eth----->0.00---->eth: 0.00(szzc) - 0.00(yunbi) = 0.00
etc----->0.00---->etc: 0.00(szzc) - 0.00(yunbi) = 0.00

zec----->0.00---->zec: 0.00(szzc) - 0.00(yunbi) = 0.00
eth----->0.00---->eth: 0.00(szzc) - 0.00(yunbi) = 0.00
etc----->0.00---->etc: 0.00(szzc) - 0.00(yunbi) = 0.00

zec----->0.00---->zec: 0.00(szzc) - 0.00(yunbi) = 0.00
eth----->0.00---->eth: 0.00(szzc) - 0.00(yunbi) = 0.00
etc----->0.00---->etc: 0.00(szzc) - 0.00(yunbi) = 0.00

zec----->0.00---->zec: 0.00(szzc) - 0.00(yunbi) = 0.00
eth----->0.00---->eth: 0.00(szzc) - 0.00(yunbi) = 0.00
etc----->0.00---->etc: 0.00(szzc) - 0.00(yunbi) = 0.00

zec----->0.00---->zec: 0.00(szzc) - 0.00(yunbi) = 0.00
eth----->0.00---->eth: 0.00(szzc) - 0.00(yunbi) = 0.00
etc----->0.00---->etc: 0.00(szzc) - 0.00(yunbi) = 0.00

zec----->0.00---->zec: 0.00(szzc) - 0.00(yunbi) = 0.00
eth----->0.00---->eth: 0.00(szzc) - 0.00(yunbi) = 0.00
etc----->0.00---->etc: 0.00(szzc) - 0.00(yunbi) = 0.00

zec----->0.00---->zec: 0.00(szzc) - 0.00(yunbi) = 0.00
eth----->0.00---->eth: 0.00(szzc) - 0.00(yunbi) = 0.00
etc----->0.00---->etc: 0.00(szzc) - 0.00(yunbi) = 0.00
Traceback (most recent call last):
  File "/data/app/che_py/porter/wxStart.py", line 103, in <module>
    coins_info = SosobtcUtil(0.05, 0.05).getCoinInfo(coins)
  File "/data/app/che_py/porter/sosobtcUtil.py", line 28, in getCoinInfo
    soso_json = self.getSosoData()
  File "/data/app/che_py/porter/sosobtcUtil.py", line 24, in getSosoData
    soso_json = json.loads(soso_data)
  File "/usr/local/lib/python2.7/json/__init__.py", line 338, in loads
    return _default_decoder.decode(s)
  File "/usr/local/lib/python2.7/json/decoder.py", line 366, in decode
    obj, end = self.raw_decode(s, idx=_w(s, 0).end())
  File "/usr/local/lib/python2.7/json/decoder.py", line 384, in raw_decode
    raise ValueError("No JSON object could be decoded")
ValueError: No JSON object could be decoded

zec----->0.00---->zec: 0.00(szzc) - 0.00(yunbi) = 0.00
eth----->0.00---->eth: 0.00(szzc) - 0.00(yunbi) = 0.00
etc----->0.00---->etc: 0.00(szzc) - 0.00(yunbi) = 0.00

zec----->0.00---->zec: 0.00(szzc) - 0.00(yunbi) = 0.00
eth----->0.00---->eth: 0.00(szzc) - 0.00(yunbi) = 0.00
etc----->0.00---->etc: 0.00(szzc) - 0.00(yunbi) = 0.00

zec----->0.00---->zec: 0.00(szzc) - 0.00(yunbi) = 0.00
eth----->0.00---->eth: 0.00(szzc) - 0.00(yunbi) = 0.00
etc----->0.00---->etc: 0.00(szzc) - 0.00(yunbi) = 0.00

zec----->0.00---->zec: 0.00(szzc) - 0.00(yunbi) = 0.00
eth----->0.00---->eth: 0.00(szzc) - 0.00(yunbi) = 0.00
etc----->0.00---->etc: 0.00(szzc) - 0.00(yunbi) = 0.00

zec----->0.00---->zec: 0.00(szzc) - 0.00(yunbi) = 0.00
eth----->0.00---->eth: 0.00(szzc) - 0.00(yunbi) = 0.00
etc----->0.00---->etc: 0.00(szzc) - 0.00(yunbi) = 0.00

zec----->0.00---->zec: 0.00(szzc) - 0.00(yunbi) = 0.00
eth----->0.00---->eth: 0.00(szzc) - 0.00(yunbi) = 0.00
etc----->0.00---->etc: 0.00(szzc) - 0.00(yunbi) = 0.00

zec----->0.00---->zec: 0.00(szzc) - 0.00(yunbi) = 0.00
eth----->0.00---->eth: 0.00(szzc) - 0.00(yunbi) = 0.00
etc----->0.00---->etc: 0.00(szzc) - 0.00(yunbi) = 0.00

zec----->0.00---->zec: 0.00(szzc) - 0.00(yunbi) = 0.00
eth----->0.00---->eth: 0.00(szzc) - 0.00(yunbi) = 0.00
etc----->0.00---->etc: 0.00(szzc) - 0.00(yunbi) = 0.00

zec----->0.00---->zec: 0.00(szzc) - 0.00(yunbi) = 0.00
eth----->0.00---->eth: 0.00(szzc) - 0.00(yunbi) = 0.00
etc----->0.00---->etc: 0.00(szzc) - 0.00(yunbi) = 0.00

zec----->0.00---->zec: 0.00(szzc) - 0.00(yunbi) = 0.00
eth----->0.00---->eth: 0.00(szzc) - 0.00(yunbi) = 0.00
etc----->0.00---->etc: 0.00(szzc) - 0.00(yunbi) = 0.00

zec----->0.00---->zec: 0.00(szzc) - 0.00(yunbi) = 0.00
eth----->0.00---->eth: 0.00(szzc) - 0.00(yunbi) = 0.00
etc----->0.00---->etc: 0.00(szzc) - 0.00(yunbi) = 0.00

zec----->0.00---->zec: 0.00(szzc) - 0.00(yunbi) = 0.00
eth----->0.00---->eth: 0.00(szzc) - 0.00(yunbi) = 0.00
etc----->0.00---->etc: 0.00(szzc) - 0.00(yunbi) = 0.00

zec----->0.00---->zec: 0.00(szzc) - 0.00(yunbi) = 0.00
eth----->0.00---->eth: 0.00(szzc) - 0.00(yunbi) = 0.00
etc----->0.00---->etc: 0.00(szzc) - 0.00(yunbi) = 0.00

zec----->0.00---->zec: 0.00(szzc) - 0.00(yunbi) = 0.00
eth----->0.00---->eth: 0.00(szzc) - 0.00(yunbi) = 0.00
etc----->0.00---->etc: 0.00(szzc) - 0.00(yunbi) = 0.00

zec----->0.00---->zec: 0.00(szzc) - 0.00(yunbi) = 0.00
eth----->0.00---->eth: 0.00(szzc) - 0.00(yunbi) = 0.00
etc----->0.00---->etc: 0.00(szzc) - 0.00(yunbi) = 0.00

zec----->0.00---->zec: 0.00(szzc) - 0.00(yunbi) = 0.00
eth----->0.00---->eth: 0.00(szzc) - 0.00(yunbi) = 0.00
etc----->0.00---->etc: 0.00(szzc) - 0.00(yunbi) = 0.00

zec----->0.00---->zec: 0.00(szzc) - 0.00(yunbi) = 0.00
eth----->0.00---->eth: 0.00(szzc) - 0.00(yunbi) = 0.00
etc----->0.00---->etc: 0.00(szzc) - 0.00(yunbi) = 0.00

zec----->0.00---->zec: 0.00(szzc) - 0.00(yunbi) = 0.00
eth----->0.00---->eth: 0.00(szzc) - 0.00(yunbi) = 0.00
etc----->0.00---->etc: 0.00(szzc) - 0.00(yunbi) = 0.00

zec----->0.00---->zec: 0.00(szzc) - 0.00(yunbi) = 0.00
eth----->0.00---->eth: 0.00(szzc) - 0.00(yunbi) = 0.00
etc----->0.00---->etc: 0.00(szzc) - 0.00(yunbi) = 0.00

zec----->0.00---->zec: 0.00(szzc) - 0.00(yunbi) = 0.00
eth----->0.00---->eth: 0.00(szzc) - 0.00(yunbi) = 0.00
etc----->0.00---->etc: 0.00(szzc) - 0.00(yunbi) = 0.00

zec----->0.00---->zec: 0.00(szzc) - 0.00(yunbi) = 0.00
eth----->0.00---->eth: 0.00(szzc) - 0.00(yunbi) = 0.00
etc----->0.00---->etc: 0.00(szzc) - 0.00(yunbi) = 0.00

zec----->0.00---->zec: 0.00(szzc) - 0.00(yunbi) = 0.00
eth----->0.00---->eth: 0.00(szzc) - 0.00(yunbi) = 0.00
etc----->0.00---->etc: 0.00(szzc) - 0.00(yunbi) = 0.00

zec----->0.00---->zec: 0.00(szzc) - 0.00(yunbi) = 0.00
eth----->0.00---->eth: 0.00(szzc) - 0.00(yunbi) = 0.00
etc----->0.00---->etc: 0.00(szzc) - 0.00(yunbi) = 0.00
